This file contains any messages produced by compilers while
running configure, to aid debugging if configure makes a mistake.

It was created by courier configure 0.78.1, which was
generated by GNU Autoconf 2.69.  Invocation command line was

  $ ./configure 

## --------- ##
## Platform. ##
## --------- ##

hostname = MacBook-Pro-de-Michael.local
uname -m = x86_64
uname -r = 16.7.0
uname -s = Darwin
uname -v = Darwin Kernel Version 16.7.0: Wed Oct  4 00:17:00 PDT 2017; root:xnu-3789.71.6~1/RELEASE_X86_64

/usr/bin/uname -p = i386
/bin/uname -X     = unknown

/bin/arch              = unknown
/usr/bin/arch -k       = unknown
/usr/convex/getsysinfo = unknown
/usr/bin/hostinfo      = Mach kernel version:
	 Darwin Kernel Version 16.7.0: Wed Oct  4 00:17:00 PDT 2017; root:xnu-3789.71.6~1/RELEASE_X86_64
Kernel configured for up to 8 processors.
4 processors are physically available.
8 processors are logically available.
Processor type: x86_64h (Intel x86-64h Haswell)
Processors active: 0 1 2 3 4 5 6 7
Primary memory available: 16.00 gigabytes
Default processor set: 370 tasks, 1688 threads, 8 processors
Load average: 1.32, Mach factor: 6.67
/bin/machine           = unknown
/usr/bin/oslevel       = unknown
/bin/universe          = unknown

PATH: /Library/Frameworks/Python.framework/Versions/3.6/bin
PATH: /usr/local/bin
PATH: /usr/bin
PATH: /bin
PATH: /usr/sbin
PATH: /sbin
PATH: /Applications/Wireshark.app/Contents/MacOS


## ----------- ##
## Core tests. ##
## ----------- ##

configure:2436: checking for a BSD-compatible install
configure:2504: result: /usr/bin/install -c
configure:2515: checking whether build environment is sane
configure:2570: result: yes
configure:2721: checking for a thread-safe mkdir -p
configure:2760: result: ./install-sh -c -d
configure:2767: checking for gawk
configure:2797: result: no
configure:2767: checking for mawk
configure:2797: result: no
configure:2767: checking for nawk
configure:2797: result: no
configure:2767: checking for awk
configure:2783: found /usr/bin/awk
configure:2794: result: awk
configure:2805: checking whether make sets $(MAKE)
configure:2827: result: yes
configure:2856: checking whether make supports nested variables
configure:2873: result: yes
configure:3051: checking for gcc
configure:3067: found /usr/bin/gcc
configure:3078: result: gcc
configure:3307: checking for C compiler version
configure:3316: gcc --version >&5
Apple LLVM version 9.0.0 (clang-900.0.38)
Target: x86_64-apple-darwin16.7.0
Thread model: posix
InstalledDir: /Library/Developer/CommandLineTools/usr/bin
Configured with: --prefix=/Library/Developer/CommandLineTools/usr --with-gxx-include-dir=/usr/include/c++/4.2.1
configure:3327: $? = 0
configure:3316: gcc -v >&5
Configured with: --prefix=/Library/Developer/CommandLineTools/usr --with-gxx-include-dir=/usr/include/c++/4.2.1
Apple LLVM version 9.0.0 (clang-900.0.38)
Target: x86_64-apple-darwin16.7.0
Thread model: posix
InstalledDir: /Library/Developer/CommandLineTools/usr/bin
configure:3327: $? = 0
configure:3316: gcc -V >&5
clang: error: argument to '-V' is missing (expected 1 value)
clang: error: no input files
configure:3327: $? = 1
configure:3316: gcc -qversion >&5
clang: error: unknown argument: '-qversion'
clang: error: no input files
configure:3327: $? = 1
configure:3347: checking whether the C compiler works
configure:3369: gcc    conftest.c  >&5
configure:3373: $? = 0
configure:3421: result: yes
configure:3424: checking for C compiler default output file name
configure:3426: result: a.out
configure:3432: checking for suffix of executables
configure:3439: gcc -o conftest    conftest.c  >&5
configure:3443: $? = 0
configure:3465: result: 
configure:3487: checking whether we are cross compiling
configure:3495: gcc -o conftest    conftest.c  >&5
configure:3499: $? = 0
configure:3506: ./conftest
configure:3510: $? = 0
configure:3525: result: no
configure:3530: checking for suffix of object files
configure:3552: gcc -c   conftest.c >&5
configure:3556: $? = 0
configure:3577: result: o
configure:3581: checking whether we are using the GNU C compiler
configure:3600: gcc -c   conftest.c >&5
configure:3600: $? = 0
configure:3609: result: yes
configure:3618: checking whether gcc accepts -g
configure:3638: gcc -c -g  conftest.c >&5
configure:3638: $? = 0
configure:3679: result: yes
configure:3696: checking for gcc option to accept ISO C89
configure:3759: gcc  -c -g -O2  conftest.c >&5
configure:3759: $? = 0
configure:3772: result: none needed
configure:3797: checking whether gcc understands -c and -o together
configure:3819: gcc -c conftest.c -o conftest2.o
configure:3822: $? = 0
configure:3819: gcc -c conftest.c -o conftest2.o
configure:3822: $? = 0
configure:3834: result: yes
configure:3862: checking for style of include used by make
configure:3890: result: GNU
configure:3916: checking dependency style of gcc
configure:4027: result: gcc3
configure:4071: checking build system type
configure:4085: result: x86_64-apple-darwin16.7.0
configure:4105: checking host system type
configure:4118: result: x86_64-apple-darwin16.7.0
configure:4159: checking how to print strings
configure:4186: result: printf
configure:4207: checking for a sed that does not truncate output
configure:4271: result: /usr/bin/sed
configure:4289: checking for grep that handles long lines and -e
configure:4347: result: /usr/bin/grep
configure:4352: checking for egrep
configure:4414: result: /usr/bin/grep -E
configure:4419: checking for fgrep
configure:4481: result: /usr/bin/grep -F
configure:4516: checking for ld used by gcc
configure:4583: result: /Library/Developer/CommandLineTools/usr/bin/ld
configure:4590: checking if the linker (/Library/Developer/CommandLineTools/usr/bin/ld) is GNU ld
configure:4605: result: no
configure:4617: checking for BSD- or MS-compatible name lister (nm)
configure:4671: result: /usr/bin/nm -B
configure:4801: checking the name lister (/usr/bin/nm -B) interface
configure:4808: gcc -c -g -O2  conftest.c >&5
configure:4811: /usr/bin/nm -B "conftest.o"
configure:4814: output
00000000000001d0 S _some_variable
configure:4821: result: BSD nm
configure:4824: checking whether ln -s works
configure:4828: result: yes
configure:4836: checking the maximum length of command line arguments
configure:4967: result: 196608
configure:5015: checking how to convert x86_64-apple-darwin16.7.0 file names to x86_64-apple-darwin16.7.0 format
configure:5055: result: func_convert_file_noop
configure:5062: checking how to convert x86_64-apple-darwin16.7.0 file names to toolchain format
configure:5082: result: func_convert_file_noop
configure:5089: checking for /Library/Developer/CommandLineTools/usr/bin/ld option to reload object files
configure:5096: result: -r
configure:5170: checking for objdump
configure:5186: found /usr/bin/objdump
configure:5197: result: objdump
configure:5229: checking how to recognize dependent libraries
configure:5429: result: pass_all
configure:5514: checking for dlltool
configure:5544: result: no
configure:5574: checking how to associate runtime and link libraries
configure:5601: result: printf %s\n
configure:5662: checking for ar
configure:5678: found /usr/bin/ar
configure:5689: result: ar
configure:5726: checking for archiver @FILE support
configure:5743: gcc -c -g -O2  conftest.c >&5
configure:5743: $? = 0
configure:5746: ar cru libconftest.a @conftest.lst >&5
ar: @conftest.lst: No such file or directory
configure:5749: $? = 1
configure:5769: result: no
configure:5827: checking for strip
configure:5843: found /usr/bin/strip
configure:5854: result: strip
configure:5926: checking for ranlib
configure:5942: found /usr/bin/ranlib
configure:5953: result: ranlib
configure:6055: checking command to parse /usr/bin/nm -B output from gcc object
configure:6208: gcc -c -g -O2  conftest.c >&5
configure:6211: $? = 0
configure:6215: /usr/bin/nm -B conftest.o \| sed -n -e 's/^.*[ ]\([BCDEGRST][BCDEGRST]*\)[ ][ ]*\([_A-Za-z][_A-Za-z0-9]*\)$/\1 \2 \2/p' | sed '/ __gnu_lto/d' \> conftest.nm
configure:6218: $? = 0
cannot find nm_test_var in conftest.nm
configure:6208: gcc -c -g -O2  conftest.c >&5
configure:6211: $? = 0
configure:6215: /usr/bin/nm -B conftest.o \| sed -n -e 's/^.*[ ]\([BCDEGRST][BCDEGRST]*\)[ ][ ]*_\([_A-Za-z][_A-Za-z0-9]*\)$/\1 _\2 \2/p' | sed '/ __gnu_lto/d' \> conftest.nm
configure:6218: $? = 0
configure:6284: gcc -o conftest -g -O2   conftest.c conftstm.o >&5
warning: (x86_64)  could not find object file symbol for symbol _main
configure:6287: $? = 0
configure:6325: result: ok
configure:6372: checking for sysroot
configure:6402: result: no
configure:6409: checking for a working dd
configure:6447: result: /bin/dd
configure:6451: checking how to truncate binary pipes
configure:6466: result: /bin/dd bs=4096 count=1
configure:6795: checking for mt
configure:6825: result: no
configure:6845: checking if : is a manifest tool
configure:6851: : '-?'
configure:6859: result: no
configure:6915: checking for dsymutil
configure:6931: found /usr/bin/dsymutil
configure:6942: result: dsymutil
configure:7007: checking for nmedit
configure:7023: found /usr/bin/nmedit
configure:7034: result: nmedit
configure:7099: checking for lipo
configure:7115: found /usr/bin/lipo
configure:7126: result: lipo
configure:7191: checking for otool
configure:7207: found /usr/bin/otool
configure:7218: result: otool
configure:7283: checking for otool64
configure:7313: result: no
configure:7358: checking for -single_module linker flag
gcc -g -O2  -o libconftest.dylib -dynamiclib -Wl,-single_module conftest.c
configure:7391: result: yes
configure:7394: checking for -exported_symbols_list linker flag
configure:7414: gcc -o conftest -g -O2   -Wl,-exported_symbols_list,conftest.sym conftest.c  >&5
configure:7414: $? = 0
configure:7424: result: yes
configure:7427: checking for -force_load linker flag
gcc -g -O2 -c -o conftest.o conftest.c
ar cru libconftest.a conftest.o
ranlib libconftest.a
gcc -g -O2  -o conftest conftest.c -Wl,-force_load,./libconftest.a
configure:7459: result: yes
configure:7536: checking how to run the C preprocessor
configure:7567: gcc -E  conftest.c
configure:7567: $? = 0
configure:7581: gcc -E  conftest.c
conftest.c:2:10: fatal error: 'ac_nonexistent.h' file not found
#include <ac_nonexistent.h>
         ^~~~~~~~~~~~~~~~~~
1 error generated.
configure:7581: $? = 1
configure: failed program was:
| /* end confdefs.h.  */
| #include <ac_nonexistent.h>
configure:7606: result: gcc -E
configure:7626: gcc -E  conftest.c
configure:7626: $? = 0
configure:7640: gcc -E  conftest.c
conftest.c:2:10: fatal error: 'ac_nonexistent.h' file not found
#include <ac_nonexistent.h>
         ^~~~~~~~~~~~~~~~~~
1 error generated.
configure:7640: $? = 1
configure: failed program was:
| /* end confdefs.h.  */
| #include <ac_nonexistent.h>
configure:7669: checking for ANSI C header files
configure:7689: gcc -c -g -O2  conftest.c >&5
configure:7689: $? = 0
configure:7762: gcc -o conftest -g -O2   conftest.c  >&5
configure:7762: $? = 0
configure:7762: ./conftest
configure:7762: $? = 0
configure:7773: result: yes
configure:7786: checking for sys/types.h
configure:7786: gcc -c -g -O2  conftest.c >&5
configure:7786: $? = 0
configure:7786: result: yes
configure:7786: checking for sys/stat.h
configure:7786: gcc -c -g -O2  conftest.c >&5
configure:7786: $? = 0
configure:7786: result: yes
configure:7786: checking for stdlib.h
configure:7786: gcc -c -g -O2  conftest.c >&5
configure:7786: $? = 0
configure:7786: result: yes
configure:7786: checking for string.h
configure:7786: gcc -c -g -O2  conftest.c >&5
configure:7786: $? = 0
configure:7786: result: yes
configure:7786: checking for memory.h
configure:7786: gcc -c -g -O2  conftest.c >&5
configure:7786: $? = 0
configure:7786: result: yes
configure:7786: checking for strings.h
configure:7786: gcc -c -g -O2  conftest.c >&5
configure:7786: $? = 0
configure:7786: result: yes
configure:7786: checking for inttypes.h
configure:7786: gcc -c -g -O2  conftest.c >&5
configure:7786: $? = 0
configure:7786: result: yes
configure:7786: checking for stdint.h
configure:7786: gcc -c -g -O2  conftest.c >&5
configure:7786: $? = 0
configure:7786: result: yes
configure:7786: checking for unistd.h
configure:7786: gcc -c -g -O2  conftest.c >&5
configure:7786: $? = 0
configure:7786: result: yes
configure:7800: checking for dlfcn.h
configure:7800: gcc -c -g -O2  conftest.c >&5
configure:7800: $? = 0
configure:7800: result: yes
configure:8056: checking for objdir
configure:8071: result: .libs
configure:8331: checking if gcc supports -fno-rtti -fno-exceptions
configure:8349: gcc -c -g -O2  -fno-rtti -fno-exceptions conftest.c >&5
configure:8353: $? = 0
configure:8366: result: yes
configure:8724: checking for gcc option to produce PIC
configure:8731: result: -fno-common -DPIC
configure:8739: checking if gcc PIC flag -fno-common -DPIC works
configure:8757: gcc -c -g -O2  -fno-common -DPIC -DPIC conftest.c >&5
configure:8761: $? = 0
configure:8774: result: yes
configure:8803: checking if gcc static flag -static works
configure:8831: result: no
configure:8846: checking if gcc supports -c -o file.o
configure:8867: gcc -c -g -O2  -o out/conftest2.o conftest.c >&5
configure:8871: $? = 0
configure:8893: result: yes
configure:8901: checking if gcc supports -c -o file.o
configure:8948: result: yes
configure:8981: checking whether the gcc linker (/Library/Developer/CommandLineTools/usr/bin/ld) supports shared libraries
configure:10240: result: yes
configure:10480: checking dynamic linker characteristics
configure:11301: result: darwin16.7.0 dyld
configure:11423: checking how to hardcode library paths into programs
configure:11448: result: immediate
configure:11996: checking whether stripping libraries is possible
configure:12010: result: yes
configure:12036: checking if libtool supports shared libraries
configure:12038: result: yes
configure:12041: checking whether to build shared libraries
configure:12066: result: yes
configure:12069: checking whether to build static libraries
configure:12073: result: yes
configure:12111: checking whether make sets $(MAKE)
configure:12133: result: yes
configure:12200: checking for g++
configure:12216: found /usr/bin/g++
configure:12227: result: g++
configure:12254: checking for C++ compiler version
configure:12263: g++ --version >&5
Apple LLVM version 9.0.0 (clang-900.0.38)
Target: x86_64-apple-darwin16.7.0
Thread model: posix
InstalledDir: /Library/Developer/CommandLineTools/usr/bin
Configured with: --prefix=/Library/Developer/CommandLineTools/usr --with-gxx-include-dir=/usr/include/c++/4.2.1
configure:12274: $? = 0
configure:12263: g++ -v >&5
Configured with: --prefix=/Library/Developer/CommandLineTools/usr --with-gxx-include-dir=/usr/include/c++/4.2.1
Apple LLVM version 9.0.0 (clang-900.0.38)
Target: x86_64-apple-darwin16.7.0
Thread model: posix
InstalledDir: /Library/Developer/CommandLineTools/usr/bin
configure:12274: $? = 0
configure:12263: g++ -V >&5
clang: error: argument to '-V' is missing (expected 1 value)
clang: error: no input files
configure:12274: $? = 1
configure:12263: g++ -qversion >&5
clang: error: unknown argument: '-qversion'
clang: error: no input files
configure:12274: $? = 1
configure:12278: checking whether we are using the GNU C++ compiler
configure:12297: g++ -c   conftest.cpp >&5
configure:12297: $? = 0
configure:12306: result: yes
configure:12315: checking whether g++ accepts -g
configure:12335: g++ -c -g  conftest.cpp >&5
configure:12335: $? = 0
configure:12376: result: yes
configure:12401: checking dependency style of g++
configure:12512: result: gcc3
configure:12545: checking how to run the C++ preprocessor
configure:12572: g++ -E  conftest.cpp
configure:12572: $? = 0
configure:12586: g++ -E  conftest.cpp
conftest.cpp:14:10: fatal error: 'ac_nonexistent.h' file not found
#include <ac_nonexistent.h>
         ^~~~~~~~~~~~~~~~~~
1 error generated.
configure:12586: $? = 1
configure: failed program was:
| #define STDC_HEADERS 1
| #define HAVE_SYS_TYPES_H 1
| #define HAVE_SYS_STAT_H 1
| #define HAVE_STDLIB_H 1
| #define HAVE_STRING_H 1
| #define HAVE_MEMORY_H 1
| #define HAVE_STRINGS_H 1
| #define HAVE_INTTYPES_H 1
| #define HAVE_STDINT_H 1
| #define HAVE_UNISTD_H 1
| #define HAVE_DLFCN_H 1
| #define LT_OBJDIR ".libs/"
| /* end confdefs.h.  */
| #include <ac_nonexistent.h>
configure:12611: result: g++ -E
configure:12631: g++ -E  conftest.cpp
configure:12631: $? = 0
configure:12645: g++ -E  conftest.cpp
conftest.cpp:14:10: fatal error: 'ac_nonexistent.h' file not found
#include <ac_nonexistent.h>
         ^~~~~~~~~~~~~~~~~~
1 error generated.
configure:12645: $? = 1
configure: failed program was:
| #define STDC_HEADERS 1
| #define HAVE_SYS_TYPES_H 1
| #define HAVE_SYS_STAT_H 1
| #define HAVE_STDLIB_H 1
| #define HAVE_STRING_H 1
| #define HAVE_MEMORY_H 1
| #define HAVE_STRINGS_H 1
| #define HAVE_INTTYPES_H 1
| #define HAVE_STDINT_H 1
| #define HAVE_UNISTD_H 1
| #define HAVE_DLFCN_H 1
| #define LT_OBJDIR ".libs/"
| /* end confdefs.h.  */
| #include <ac_nonexistent.h>
configure:12807: checking for ld used by g++
configure:12874: result: /Library/Developer/CommandLineTools/usr/bin/ld
configure:12881: checking if the linker (/Library/Developer/CommandLineTools/usr/bin/ld) is GNU ld
configure:12896: result: no
configure:12951: checking whether the g++ linker (/Library/Developer/CommandLineTools/usr/bin/ld) supports shared libraries
configure:14024: result: yes
configure:14060: g++ -c -g -O2  conftest.cpp >&5
configure:14063: $? = 0
configure:14544: checking for g++ option to produce PIC
configure:14551: result: -fno-common -DPIC
configure:14559: checking if g++ PIC flag -fno-common -DPIC works
configure:14577: g++ -c -g -O2  -fno-common -DPIC -DPIC conftest.cpp >&5
configure:14581: $? = 0
configure:14594: result: yes
configure:14617: checking if g++ static flag -static works
configure:14645: result: no
configure:14657: checking if g++ supports -c -o file.o
configure:14678: g++ -c -g -O2  -o out/conftest2.o conftest.cpp >&5
configure:14682: $? = 0
configure:14704: result: yes
configure:14709: checking if g++ supports -c -o file.o
configure:14756: result: yes
configure:14786: checking whether the g++ linker (/Library/Developer/CommandLineTools/usr/bin/ld) supports shared libraries
configure:14826: result: yes
configure:14967: checking dynamic linker characteristics
configure:15715: result: darwin16.7.0 dyld
configure:15780: checking how to hardcode library paths into programs
configure:15805: result: immediate
configure:15851: checking for perl5
configure:15884: result: no
configure:15851: checking for perl
configure:15869: found /usr/bin/perl
configure:15881: result: /usr/bin/perl
configure:15899: checking for sysconftool...
configure:15916: result: ././sysconftool
configure:15926: checking for env
configure:15944: found /usr/bin/env
configure:15956: result: /usr/bin/env
configure:15969: checking courier-unicode library and version
configure:15993: gcc -c -g -O2  conftest.c >&5
conftest.c:15:10: fatal error: 'courier-unicode.h' file not found
#include <courier-unicode.h>
         ^~~~~~~~~~~~~~~~~~~
1 error generated.
configure:15993: $? = 1
configure: failed program was:
| #define STDC_HEADERS 1
| #define HAVE_SYS_TYPES_H 1
| #define HAVE_SYS_STAT_H 1
| #define HAVE_STDLIB_H 1
| #define HAVE_STRING_H 1
| #define HAVE_MEMORY_H 1
| #define HAVE_STRINGS_H 1
| #define HAVE_INTTYPES_H 1
| #define HAVE_STDINT_H 1
| #define HAVE_UNISTD_H 1
| #define HAVE_DLFCN_H 1
| #define LT_OBJDIR ".libs/"
| /* end confdefs.h.  */
| 
| #include <courier-unicode.h>
| #ifndef COURIER_UNICODE_VERSION
| #define COURIER_UNICODE_VERSION 0
| #endif
| 
| #if COURIER_UNICODE_VERSION < 200
| #error "courier-unicode 2.0 library is required"
| #endif
| 
| 
| int
| main ()
| {
| 
|   ;
|   return 0;
| }
configure:15996: error: 
ERROR: The Courier Unicode Library 2.0 header files appear not to be installed.
You may need to upgrade the library or install a separate development
subpackage in addition to the main package.

## ---------------- ##
## Cache variables. ##
## ---------------- ##

ac_cv_build=x86_64-apple-darwin16.7.0
ac_cv_c_compiler_gnu=yes
ac_cv_cxx_compiler_gnu=yes
ac_cv_env_CCC_set=
ac_cv_env_CCC_value=
ac_cv_env_CC_set=
ac_cv_env_CC_value=
ac_cv_env_CFLAGS_set=
ac_cv_env_CFLAGS_value=
ac_cv_env_CPPFLAGS_set=
ac_cv_env_CPPFLAGS_value=
ac_cv_env_CPP_set=
ac_cv_env_CPP_value=
ac_cv_env_CXXCPP_set=
ac_cv_env_CXXCPP_value=
ac_cv_env_CXXFLAGS_set=
ac_cv_env_CXXFLAGS_value=
ac_cv_env_CXX_set=
ac_cv_env_CXX_value=
ac_cv_env_LDFLAGS_set=
ac_cv_env_LDFLAGS_value=
ac_cv_env_LIBS_set=
ac_cv_env_LIBS_value=
ac_cv_env_LT_SYS_LIBRARY_PATH_set=
ac_cv_env_LT_SYS_LIBRARY_PATH_value=
ac_cv_env_build_alias_set=
ac_cv_env_build_alias_value=
ac_cv_env_host_alias_set=
ac_cv_env_host_alias_value=
ac_cv_env_target_alias_set=
ac_cv_env_target_alias_value=
ac_cv_header_dlfcn_h=yes
ac_cv_header_inttypes_h=yes
ac_cv_header_memory_h=yes
ac_cv_header_stdc=yes
ac_cv_header_stdint_h=yes
ac_cv_header_stdlib_h=yes
ac_cv_header_string_h=yes
ac_cv_header_strings_h=yes
ac_cv_header_sys_stat_h=yes
ac_cv_header_sys_types_h=yes
ac_cv_header_unistd_h=yes
ac_cv_host=x86_64-apple-darwin16.7.0
ac_cv_objext=o
ac_cv_path_EGREP='/usr/bin/grep -E'
ac_cv_path_FGREP='/usr/bin/grep -F'
ac_cv_path_GREP=/usr/bin/grep
ac_cv_path_SED=/usr/bin/sed
ac_cv_path_SETENV=/usr/bin/env
ac_cv_path_SYSCONFTOOL_PERL=/usr/bin/perl
ac_cv_path_install='/usr/bin/install -c'
ac_cv_path_lt_DD=/bin/dd
ac_cv_prog_AWK=awk
ac_cv_prog_CPP='gcc -E'
ac_cv_prog_CXXCPP='g++ -E'
ac_cv_prog_ac_ct_AR=ar
ac_cv_prog_ac_ct_CC=gcc
ac_cv_prog_ac_ct_CXX=g++
ac_cv_prog_ac_ct_DSYMUTIL=dsymutil
ac_cv_prog_ac_ct_LIPO=lipo
ac_cv_prog_ac_ct_NMEDIT=nmedit
ac_cv_prog_ac_ct_OBJDUMP=objdump
ac_cv_prog_ac_ct_OTOOL=otool
ac_cv_prog_ac_ct_RANLIB=ranlib
ac_cv_prog_ac_ct_STRIP=strip
ac_cv_prog_cc_c89=
ac_cv_prog_cc_g=yes
ac_cv_prog_cxx_g=yes
ac_cv_prog_make_make_set=yes
am_cv_CC_dependencies_compiler_type=gcc3
am_cv_CXX_dependencies_compiler_type=gcc3
am_cv_make_support_nested_variables=yes
am_cv_prog_cc_c_o=yes
lt_cv_apple_cc_single_mod=yes
lt_cv_ar_at_file=no
lt_cv_deplibs_check_method=pass_all
lt_cv_file_magic_cmd='$MAGIC_CMD'
lt_cv_file_magic_test_file=
lt_cv_ld_exported_symbols_list=yes
lt_cv_ld_force_load=yes
lt_cv_ld_reload_flag=-r
lt_cv_nm_interface='BSD nm'
lt_cv_objdir=.libs
lt_cv_path_LD=/Library/Developer/CommandLineTools/usr/bin/ld
lt_cv_path_LDCXX=/Library/Developer/CommandLineTools/usr/bin/ld
lt_cv_path_NM='/usr/bin/nm -B'
lt_cv_path_mainfest_tool=no
lt_cv_prog_compiler_c_o=yes
lt_cv_prog_compiler_c_o_CXX=yes
lt_cv_prog_compiler_pic='-fno-common -DPIC'
lt_cv_prog_compiler_pic_CXX='-fno-common -DPIC'
lt_cv_prog_compiler_pic_works=yes
lt_cv_prog_compiler_pic_works_CXX=yes
lt_cv_prog_compiler_rtti_exceptions=yes
lt_cv_prog_compiler_static_works=no
lt_cv_prog_compiler_static_works_CXX=no
lt_cv_prog_gnu_ld=no
lt_cv_prog_gnu_ldcxx=no
lt_cv_sharedlib_from_linklib_cmd='printf %s\n'
lt_cv_sys_global_symbol_pipe='sed -n -e '\''s/^.*[	 ]\([BCDEGRST][BCDEGRST]*\)[	 ][	 ]*_\([_A-Za-z][_A-Za-z0-9]*\)$/\1 _\2 \2/p'\'' | sed '\''/ __gnu_lto/d'\'''
lt_cv_sys_global_symbol_to_c_name_address='sed -n -e '\''s/^: \(.*\) .*$/  {"\1", (void *) 0},/p'\'' -e '\''s/^[BCDEGRST][BCDEGRST]* .* \(.*\)$/  {"\1", (void *) \&\1},/p'\'''
lt_cv_sys_global_symbol_to_c_name_address_lib_prefix='sed -n -e '\''s/^: \(.*\) .*$/  {"\1", (void *) 0},/p'\'' -e '\''s/^[BCDEGRST][BCDEGRST]* .* \(lib.*\)$/  {"\1", (void *) \&\1},/p'\'' -e '\''s/^[BCDEGRST][BCDEGRST]* .* \(.*\)$/  {"lib\1", (void *) \&\1},/p'\'''
lt_cv_sys_global_symbol_to_cdecl='sed -n -e '\''s/^T .* \(.*\)$/extern int \1();/p'\'' -e '\''s/^[BCDEGRST][BCDEGRST]* .* \(.*\)$/extern char \1;/p'\'''
lt_cv_sys_global_symbol_to_import=
lt_cv_sys_max_cmd_len=196608
lt_cv_to_host_file_cmd=func_convert_file_noop
lt_cv_to_tool_file_cmd=func_convert_file_noop
lt_cv_truncate_bin='/bin/dd bs=4096 count=1'

## ----------------- ##
## Output variables. ##
## ----------------- ##

ACLOCAL='${SHELL} /Users/michael/Downloads/courier-0.78.1/missing aclocal-1.15'
AMDEPBACKSLASH='\'
AMDEP_FALSE='#'
AMDEP_TRUE=''
AMTAR='$${TAR-tar}'
AM_BACKSLASH='\'
AM_DEFAULT_V='$(AM_DEFAULT_VERBOSITY)'
AM_DEFAULT_VERBOSITY='1'
AM_V='$(V)'
AR='ar'
AUTOCONF='${SHELL} /Users/michael/Downloads/courier-0.78.1/missing autoconf'
AUTOHEADER='${SHELL} /Users/michael/Downloads/courier-0.78.1/missing autoheader'
AUTOMAKE='${SHELL} /Users/michael/Downloads/courier-0.78.1/missing automake-1.15'
AWK='awk'
CC='gcc'
CCDEPMODE='depmode=gcc3'
CFLAGS='-g -O2'
COURIERAUTHCONFIG=''
CPP='gcc -E'
CPPFLAGS=''
CXX='g++'
CXXCPP='g++ -E'
CXXDEPMODE='depmode=gcc3'
CXXFLAGS='-g -O2'
CYGPATH_W='echo'
DBSUBDIR=''
DEFS=''
DEPDIR='.deps'
DLLTOOL='false'
DSYMUTIL='dsymutil'
DUMPBIN=''
ECHO_C='\c'
ECHO_N=''
ECHO_T=''
EGREP='/usr/bin/grep -E'
EXEEXT=''
FGREP='/usr/bin/grep -F'
GPG=''
GREP='/usr/bin/grep'
INSTALL_DATA='${INSTALL} -m 644'
INSTALL_PROGRAM='${INSTALL}'
INSTALL_SCRIPT='${INSTALL}'
INSTALL_STRIP_PROGRAM='$(install_sh) -c -s'
LD='/Library/Developer/CommandLineTools/usr/bin/ld'
LDFLAGS=''
LIBDB=''
LIBGDBM=''
LIBOBJS=''
LIBS=''
LIBTOOL='$(SHELL) $(top_builddir)/libtool'
LIPO='lipo'
LN_S='ln -s'
LTLIBOBJS=''
LT_SYS_LIBRARY_PATH=''
MAKEINFO='${SHELL} /Users/michael/Downloads/courier-0.78.1/missing makeinfo'
MANIFEST_TOOL=':'
MKDIR_P='./install-sh -c -d'
NM='/usr/bin/nm -B'
NMEDIT='nmedit'
OBJDUMP='objdump'
OBJEXT='o'
OTOOL64=':'
OTOOL='otool'
PACKAGE='courier'
PACKAGE_BUGREPORT='courier-users@lists.sourceforge.net'
PACKAGE_NAME='courier'
PACKAGE_STRING='courier 0.78.1'
PACKAGE_TARNAME='courier'
PACKAGE_URL=''
PACKAGE_VERSION='0.78.1'
PATH_SEPARATOR=':'
RANLIB='ranlib'
REPOSITORY=''
SED='/usr/bin/sed'
SETENV='/usr/bin/env'
SET_MAKE=''
SHELL='/bin/sh'
STRIP='strip'
SYSCONFTOOL='/usr/bin/perl ././sysconftool'
SYSCONFTOOL_PERL='/usr/bin/perl'
USE_DB=''
USE_GDBM=''
VERSION='0.78.1'
ac_ct_AR='ar'
ac_ct_CC='gcc'
ac_ct_CXX='g++'
ac_ct_DUMPBIN=''
am__EXEEXT_FALSE=''
am__EXEEXT_TRUE=''
am__fastdepCC_FALSE='#'
am__fastdepCC_TRUE=''
am__fastdepCXX_FALSE='#'
am__fastdepCXX_TRUE=''
am__include='include'
am__isrc=''
am__leading_dot='.'
am__nodep='_no'
am__quote=''
am__tar='$${TAR-tar} chof - "$$tardir"'
am__untar='$${TAR-tar} xf -'
bindir='${exec_prefix}/bin'
build='x86_64-apple-darwin16.7.0'
build_alias=''
build_cpu='x86_64'
build_os='darwin16.7.0'
build_vendor='apple'
datadir='${datarootdir}'
datarootdir='${prefix}/share'
dblibrary=''
docdir='${datarootdir}/doc/${PACKAGE_TARNAME}'
dvidir='${docdir}'
exec_prefix='NONE'
host='x86_64-apple-darwin16.7.0'
host_alias=''
host_cpu='x86_64'
host_os='darwin16.7.0'
host_vendor='apple'
htmldir='${docdir}'
includedir='${prefix}/include'
infodir='${datarootdir}/info'
install_sh='${SHELL} /Users/michael/Downloads/courier-0.78.1/install-sh'
libdir='${exec_prefix}/lib'
libexecdir='${exec_prefix}/libexec'
localedir='${datarootdir}/locale'
localstatedir='${prefix}/var'
mailgid=''
mailgroup=''
mailuid=''
mailuser=''
mandir='${datarootdir}/man'
mkdir_p='$(MKDIR_P)'
oldincludedir='/usr/include'
pdfdir='${docdir}'
prefix='NONE'
program_transform_name='s,x,x,'
psdir='${docdir}'
sbindir='${exec_prefix}/sbin'
sharedstatedir='${prefix}/com'
subdirs=''
sysconfdir='${prefix}/etc'
target_alias=''

## ----------- ##
## confdefs.h. ##
## ----------- ##

#define STDC_HEADERS 1
#define HAVE_SYS_TYPES_H 1
#define HAVE_SYS_STAT_H 1
#define HAVE_STDLIB_H 1
#define HAVE_STRING_H 1
#define HAVE_MEMORY_H 1
#define HAVE_STRINGS_H 1
#define HAVE_INTTYPES_H 1
#define HAVE_STDINT_H 1
#define HAVE_UNISTD_H 1
#define HAVE_DLFCN_H 1
#define LT_OBJDIR ".libs/"

configure: exit 1
